<?xml version="1.0" encoding="UTF-8"?>
<testng-results ignored="0" total="1" passed="1" failed="0" skipped="0">
  <reporter-output>
  </reporter-output>
  <suite started-at="2023-11-10T23:10:57 IST" name="Default suite" finished-at="2023-11-10T23:11:02 IST" duration-ms="4662">
    <groups>
    </groups>
    <test started-at="2023-11-10T23:10:57 IST" name="Default test" finished-at="2023-11-10T23:11:02 IST" duration-ms="4662">
      <class name="courseEndProject.Assignment006Demo">
        <test-method signature="assignment006Logout()[pri:0, instance:courseEndProject.Assignment006Demo@6fd83fc1]" started-at="2023-11-10T23:10:57 IST" name="assignment006Logout" finished-at="2023-11-10T23:11:02 IST" duration-ms="4600" status="PASS">
          <reporter-output>
          </reporter-output>
        </test-method> <!-- assignment006Logout -->
      </class> <!-- courseEndProject.Assignment006Demo -->
    </test> <!-- Default test -->
  </suite> <!-- Default suite -->
</testng-results>
